<?xml version="1.0" encoding="UTF-8"?>
<!-- Generated by org.testng.reporters.JUnitReportReporter -->
<testsuite hostname="Israt" failures="0" tests="1" name="org.mm.UserRegister" time="19.137" errors="0" timestamp="2023-02-04T12:27:58 EST" skipped="0">
  <testcase classname="org.mm.UserRegister" name="userRegisterTest" time="19.137"/>
  <system-out/>
</testsuite> <!-- org.mm.UserRegister -->
