<?xml version="1.0" encoding="UTF-8"?>
<!-- Generated by org.testng.reporters.JUnitReportReporter -->
<testsuite hostname="Israt" failures="0" tests="1" name="org.mm.FlightBooking" time="4.178" errors="0" timestamp="2023-02-04T14:26:53 EST" skipped="0">
  <testcase classname="org.mm.FlightBooking" name="UserRegisterTest" time="4.178"/>
  <system-out/>
</testsuite> <!-- org.mm.FlightBooking -->
